(0000) 3000  0011000000000000 (   1)                 .ORIG x3000
(3000) 2C1D  0010110000011101 (   3)                 LD    R6 LIST
(3001) 2E1D  0010111000011101 (   4)                 LD    R7 LIST2
(3002) 1B61  0001101101100001 (   5)                 ADD   R5 R5 #1
(3003) 6180  0110000110000000 (   6)                 LDR   R0 R6 #0
(3004) 71C0  0111000111000000 (   7)                 STR   R0 R7 #0
(3005) 1B44  0001101101000100 (   9) AA              ADD   R5 R5 R4
(3006) 5920  0101100100100000 (  10)                 AND   R4 R4 #0
(3007) 2E17  0010111000010111 (  11)                 LD    R7 LIST2
(3008) 1DA1  0001110110100001 (  12)                 ADD   R6 R6 #1
(3009) 6180  0110000110000000 (  13)                 LDR   R0 R6 #0
(300A) 1021  0001000000100001 (  14)                 ADD   R0 R0 #1
(300B) 0411  0000010000010001 (  15)                 BRZ   END
(300C) 6180  0110000110000000 (  18) BB              LDR   R0 R6 #0
(300D) 903F  1001000000111111 (  19)                 NOT   R0 R0
(300E) 1021  0001000000100001 (  20)                 ADD   R0 R0 #1
(300F) 63C0  0110001111000000 (  21)                 LDR   R1 R7 #0
(3010) 1001  0001000000000001 (  22)                 ADD   R0 R0 R1
(3011) 05F3  0000010111110011 (  23)                 BRZ   AA
(3012) 1921  0001100100100001 (  24)                 ADD   R4 R4 #1
(3013) 1B7F  0001101101111111 (  25)                 ADD   R5 R5 #-1
(3014) 0402  0000010000000010 (  26)                 BRZ   CC
(3015) 1FE1  0001111111100001 (  27)                 ADD   R7 R7 #1
(3016) 0FF5  0000111111110101 (  28)                 BRNZP BB
(3017) 1B44  0001101101000100 (  30) CC              ADD   R5 R5 R4
(3018) 5920  0101100100100000 (  31)                 AND   R4 R4 #0
(3019) 6180  0110000110000000 (  32)                 LDR   R0 R6 #0
(301A) 71C1  0111000111000001 (  33)                 STR   R0 R7 #1
(301B) 1B61  0001101101100001 (  34)                 ADD   R5 R5 #1
(301C) 0FE8  0000111111101000 (  35)                 BRNZP AA
(301D) F025  1111000000100101 (  37) END             TRAP  x25
(301E) 3050  0011000001010000 (  39) LIST            .FILL x3050
(301F) 3070  0011000001110000 (  40) LIST2           .FILL x3070
