(0000) 3000  0011000000000000 (   1)                 .ORIG x3000
(3000) 2E23  0010111000100011 (   3)                 LD    R7 LIST
(3001) 6BC0  0110101111000000 (   4) AA              LDR   R5 R7 #0
(3002) 1B61  0001101101100001 (   5)                 ADD   R5 R5 #1
(3003) 0403  0000010000000011 (   6)                 BRZ   MAINSUB
(3004) 1DA1  0001110110100001 (   7)                 ADD   R6 R6 #1
(3005) 1FE1  0001111111100001 (   8)                 ADD   R7 R7 #1
(3006) 0FFA  0000111111111010 (   9)                 BRNZP AA
(3007) 1B7F  0001101101111111 (  10) MAINSUB         ADD   R5 R5 #-1
(3008) 19A0  0001100110100000 (  11)                 ADD   R4 R6 #0
(3009) B817  1011100000010111 (  12)                 STI   R4 N
(300A) 1DBF  0001110110111111 (  14) MAIN1           ADD   R6 R6 #-1
(300B) 0414  0000010000010100 (  15)                 BRZ   END
(300C) 5B60  0101101101100000 (  16)                 AND   R5 R5 #0
(300D) 1B7F  0001101101111111 (  17)                 ADD   R5 R5 #-1
(300E) A812  1010100000010010 (  18)                 LDI   R4 N
(300F) 193F  0001100100111111 (  20) MAIN2           ADD   R4 R4 #-1
(3010) 05F9  0000010111111001 (  21)                 BRZ   MAIN1
(3011) 2E12  0010111000010010 (  22)                 LD    R7 LIST
(3012) 1B61  0001101101100001 (  23)                 ADD   R5 R5 #1
(3013) 1F47  0001111101000111 (  24)                 ADD   R7 R5 R7
(3014) 61C0  0110000111000000 (  25)                 LDR   R0 R7 #0
(3015) 63C1  0110001111000001 (  26)                 LDR   R1 R7 #1
(3016) 943F  1001010000111111 (  28) COMPARE         NOT   R2 R0
(3017) 1442  0001010001000010 (  29)                 ADD   R2 R1 R2
(3018) 05F6  0000010111110110 (  30)                 BRZ   MAIN2
(3019) 2608  0010011000001000 (  31)                 LD    R3 MASK
(301A) 5683  0101011010000011 (  32)                 AND   R3 R2 R3
(301B) 05F3  0000010111110011 (  33)                 BRZ   MAIN2
(301C) 0E00  0000111000000000 (  34)                 BRNZP SWITCH
(301D) 73C0  0111001111000000 (  36) SWITCH          STR   R1 R7 #0
(301E) 71C1  0111000111000001 (  37)                 STR   R0 R7 #1
(301F) 0FEF  0000111111101111 (  38)                 BRNZP MAIN2
(3020) F025  1111000000100101 (  40) END             TRAP  x25
(3021) 4000  0100000000000000 (  41) N               .FILL x4000
(3022) 8000  1000000000000000 (  42) MASK            .FILL x8000
(3023) 0010  0000000000010000 (  43) SIXTEEN         .FILL x0010
(3024) 3050  0011000001010000 (  44) LIST            .FILL x3050
