(0000) 3000  0011000000000000 (   1)                 .ORIG x3000
(3000) 5FE0  0101111111100000 (   3)                 AND   R7 R7 #0
(3001) 1FE1  0001111111100001 (   4)                 ADD   R7 R7 #1
(3002) 2A11  0010101000010001 (   5)                 LD    R5 NUMBER
(3003) 040E  0000010000001110 (   6) OUTER           BRZ   END2
(3004) 0E03  0000111000000011 (   7)                 BRNZP INNER
(3005) 1B7F  0001101101111111 (   8) RETURN          ADD   R5 R5 #-1
(3006) 040B  0000010000001011 (   9)                 BRZ   END2
(3007) 0FFB  0000111111111011 (  10)                 BRNZP OUTER
(3008) 5260  0101001001100000 (  11) INNER           AND   R1 R1 #0
(3009) 54A0  0101010010100000 (  12)                 AND   R2 R2 #0
(300A) 1485  0001010010000101 (  13)                 ADD   R2 R2 R5
(300B) 1245  0001001001000101 (  14)                 ADD   R1 R1 R5
(300C) 1245  0001001001000101 (  15) INNER2          ADD   R1 R1 R5
(300D) 14BF  0001010010111111 (  16)                 ADD   R2 R2 #-1
(300E) 0401  0000010000000001 (  17)                 BRZ   END1
(300F) 0FFC  0000111111111100 (  18)                 BRNZP INNER2
(3010) 5FE0  0101111111100000 (  19) END1            AND   R7 R7 #0
(3011) 1FC1  0001111111000001 (  20)                 ADD   R7 R7 R1
(3012) 3E02  0011111000000010 (  22) END2            ST    R7 ANS
(3013) F025  1111000000100101 (  24)                 TRAP  x25
(3014) 0005  0000000000000101 (  26) NUMBER          .FILL x0005
