(0000) 3000  0011000000000000 (   1)                 .ORIG x3000
(3000) E02D  1110000000101101 (   3)                 LEA   R0 INPUT
(3001) 2234  0010001000110100 (   4)                 LD    R1 TEMP1
(3002) 103F  0001000000111111 (   5)                 ADD   R0 R0 #-1
(3003) 127F  0001001001111111 (   6)                 ADD   R1 R1 #-1
(3004) 1FFE  0001111111111110 (   7)                 ADD   R7 R7 #-2
(3005) 1021  0001000000100001 (   9) READIN          ADD   R0 R0 #1
(3006) 1261  0001001001100001 (  10)                 ADD   R1 R1 #1
(3007) 1FE1  0001111111100001 (  11)                 ADD   R7 R7 #1
(3008) 6400  0110010000000000 (  12)                 LDR   R2 R0 #0
(3009) 7440  0111010001000000 (  13)                 STR   R2 R1 #0
(300A) 0401  0000010000000001 (  14)                 BRZ   REVERSE
(300B) 0FF9  0000111111111001 (  15)                 BRNZP READIN
(300C) E021  1110000000100001 (  17) REVERSE         LEA   R0 INPUT
(300D) 2229  0010001000101001 (  18)                 LD    R1 TEMP2
(300E) 1247  0001001001000111 (  19)                 ADD   R1 R1 R7
(300F) 103F  0001000000111111 (  20)                 ADD   R0 R0 #-1
(3010) 1261  0001001001100001 (  21)                 ADD   R1 R1 #1
(3011) 1021  0001000000100001 (  23) READIN2         ADD   R0 R0 #1
(3012) 127F  0001001001111111 (  24)                 ADD   R1 R1 #-1
(3013) 6400  0110010000000000 (  25)                 LDR   R2 R0 #0
(3014) 7440  0111010001000000 (  26)                 STR   R2 R1 #0
(3015) 0401  0000010000000001 (  27)                 BRZ   CHECK
(3016) 0FFA  0000111111111010 (  28)                 BRNZP READIN2
(3017) 1FE1  0001111111100001 (  30) CHECK           ADD   R7 R7 #1
(3018) 201D  0010000000011101 (  31)                 LD    R0 TEMP1
(3019) 221D  0010001000011101 (  32)                 LD    R1 TEMP2
(301A) 103F  0001000000111111 (  33)                 ADD   R0 R0 #-1
(301B) 127F  0001001001111111 (  34)                 ADD   R1 R1 #-1
(301C) 1FFF  0001111111111111 (  36) CLOOP           ADD   R7 R7 #-1
(301D) 040C  0000010000001100 (  37)                 BRZ   YES
(301E) 1021  0001000000100001 (  38)                 ADD   R0 R0 #1
(301F) 1261  0001001001100001 (  39)                 ADD   R1 R1 #1
(3020) 6400  0110010000000000 (  40)                 LDR   R2 R0 #0
(3021) 6640  0110011001000000 (  41)                 LDR   R3 R1 #0
(3022) 94BF  1001010010111111 (  42)                 NOT   R2 R2
(3023) 14A1  0001010010100001 (  43)                 ADD   R2 R2 #1
(3024) 1483  0001010010000011 (  44)                 ADD   R2 R2 R3
(3025) 05F6  0000010111110110 (  45)                 BRZ   CLOOP
(3026) 0E00  0000111000000000 (  46)                 BRNZP NO
(3027) 1B7F  0001101101111111 (  48) NO              ADD   R5 R5 #-1
(3028) 3A0F  0011101000001111 (  49)                 ST    R5 ANS
(3029) 0E03  0000111000000011 (  50)                 BRNZP END
(302A) 1B61  0001101101100001 (  52) YES             ADD   R5 R5 #1
(302B) 3A0C  0011101000001100 (  53)                 ST    R5 ANS
(302C) 0E00  0000111000000000 (  54)                 BRNZP END
(302D) F025  1111000000100101 (  56) END             TRAP  x25
(302E) 0052  0000000001010010 (  58) INPUT           .FILL x0052
(302F) 0041  0000000001000001 (  58)                 .FILL x0041
(3030) 0043  0000000001000011 (  58)                 .FILL x0043
(3031) 0045  0000000001000101 (  58)                 .FILL x0045
(3032) 0043  0000000001000011 (  58)                 .FILL x0043
(3033) 0041  0000000001000001 (  58)                 .FILL x0041
(3034) 0052  0000000001010010 (  58)                 .FILL x0052
(3035) 0000  0000000000000000 (  58)                 .FILL x0000
(3036) 3100  0011000100000000 (  59) TEMP1           .FILL x3100
(3037) 3200  0011001000000000 (  60) TEMP2           .FILL x3200
